Build started 2015/5/6 17:08:50.
     1>Project "F:\Files\毕业设计\Spw_PCIe_20150423\Spw_PCIe\Spw_PCIe\Spw_PCIe.vcxproj" on node 2 (Build target(s)).
     1>StampInf:
         C:\Program Files (x86)\Windows Kits\8.1\bin\x86\stampinf.exe -d "*" -a "x86" -v "*" -k "1.11" -u "1.11.0" -f Win7Release\Spw_PCIe.inf 
         Stamping Win7Release\Spw_PCIe.inf [Version] section with DriverVer=05/06/2015,17.8.50.750
       RunWpp:
         C:\Program Files (x86)\Windows Kits\8.1\bin\x86\tracewpp.exe -cfgdir:"C:\Program Files (x86)\Windows Kits\8.1\bin\wppconfig\rev1" -scan:"trace.h" -odir:"Win7Release\\" -km Device.c Driver.c Queue.c 
       ClCompile:
         D:\Program Files (x86)\Microsoft Visual Studio 12.0\VC\bin\CL.exe /c /IWin7Release\ /Zi /nologo /W4 /WX- /Ox /Os /Oy- /D _X86_=1 /D i386=1 /D STD_CALL /D _WIN32_WINNT=0x0601 /D WINVER=0x0601 /D WINNT=1 /D NTDDI_VERSION=0x06010000 /D KMDF_VERSION_MAJOR=1 /D KMDF_VERSION_MINOR=11 /GF /Gm- /Zp8 /GS /Gy /fp:precise /Zc:wchar_t- /Zc:forScope- /GR- /Fo"Win7Release\\" /Fd"Win7Release\vc120.pdb" /Gz /wd4603 /wd4627 /wd4986 /wd4987 /wd4996 /FI"C:\Program Files (x86)\Windows Kits\8.1\Include\Shared\warning.h" /analyze- /errorReport:prompt /kernel -cbstring  /d1nodatetime /d1import_no_registry /d2AllowCompatibleILVersions /d2Zi+ Device.c
         Device.c
     1>Device.c(136): warning C4100: 'ResourceList' : unreferenced formal parameter
     1>Device.c(141): warning C4189: 'status' : local variable is initialized but not referenced
     1>Device.c(206): warning C4100: 'ResourceListTranslated' : unreferenced formal parameter
       Link:
         D:\Program Files (x86)\Microsoft Visual Studio 12.0\VC\bin\link.exe /ERRORREPORT:PROMPT /OUT:"F:\Files\毕业设计\Spw_PCIe_20150423\Spw_PCIe\Win7Release\Spw_PCIe.sys" /VERSION:"6.3" /INCREMENTAL:NO /NOLOGO /WX /SECTION:"INIT,d" "C:\Program Files (x86)\Windows Kits\8.1\lib\win7\KM\x86\memcmp.lib" "C:\Program Files (x86)\Windows Kits\8.1\lib\win7\KM\x86\BufferOverflowK.lib" "C:\Program Files (x86)\Windows Kits\8.1\lib\win7\KM\x86\ntoskrnl.lib" "C:\Program Files (x86)\Windows Kits\8.1\lib\win7\KM\x86\hal.lib" "C:\Program Files (x86)\Windows Kits\8.1\lib\win7\KM\x86\wmilib.lib" "C:\Program Files (x86)\Windows Kits\8.1\lib\wdf\kmdf\x86\1.11\WdfLdr.lib" "C:\Program Files (x86)\Windows Kits\8.1\lib\wdf\kmdf\x86\1.11\WdfDriverEntry.lib" /NODEFAULTLIB /MANIFEST:NO /DEBUG /PDB:"F:\Files\毕业设计\Spw_PCIe_20150423\Spw_PCIe\Win7Release\Spw_PCIe.pdb" /SUBSYSTEM:NATIVE,"6.01" /Driver /OPT:REF /OPT:ICF /ENTRY:"FxDriverEntry@8" /RELEASE /IMPLIB:"F:\Files\毕业设计\Spw_PCIe_20150423\Spw_PCIe\Win7Release\Spw_PCIe.lib" /MERGE:"_TEXT=.text;_PAGE=PAGE" /MACHINE:X86 /PROFILE /SAFESEH /kernel /IGNORE:4198,4010,4037,4039,4065,4070,4078,4087,4089,4221 /osversion:6.3 /pdbcompress /debugtype:pdata Win7Release\Device.obj
         Win7Release\Driver.obj
         Win7Release\Queue.obj
     1>Device.obj : error LNK2019: unresolved external symbol _Spw_PCIeEvtIoWrite@12 referenced in function _Spw_PCIeCreateDevice@4
     1>F:\Files\毕业设计\Spw_PCIe_20150423\Spw_PCIe\Win7Release\Spw_PCIe.sys : fatal error LNK1120: 1 unresolved externals
     1>Done Building Project "F:\Files\毕业设计\Spw_PCIe_20150423\Spw_PCIe\Spw_PCIe\Spw_PCIe.vcxproj" (Build target(s)) -- FAILED.

Build FAILED.

Time Elapsed 00:00:00.98
